#
# There is insufficient memory for the Java Runtime Environment to continue.
# Native memory allocation (malloc) failed to allocate 1845456 bytes. Error detail: Chunk::new
# Possible reasons:
#   The system is out of physical RAM or swap space
#   This process is running with CompressedOops enabled, and the Java Heap may be blocking the growth of the native heap
# Possible solutions:
#   Reduce memory load on the system
#   Increase physical memory or swap space
#   Check if swap backing store is full
#   Decrease Java heap size (-Xmx/-Xms)
#   Decrease number of Java threads
#   Decrease Java thread stack sizes (-Xss)
#   Set larger code cache with -XX:ReservedCodeCacheSize=
#   JVM is running with Unscaled Compressed Oops mode in which the Java heap is
#     placed in the first 4GB address space. The Java Heap base address is the
#     maximum limit for the native heap growth. Please use -XX:HeapBaseMinAddress
#     to set the Java Heap base and to place the Java Heap above 4GB virtual address.
# This output file may be truncated or incomplete.
#
#  Out of Memory Error (arena.cpp:168), pid=21584, tid=12856
#
# JRE version: OpenJDK Runtime Environment Temurin-21.0.6+7 (21.0.6+7) (build 21.0.6+7-LTS)
# Java VM: OpenJDK 64-Bit Server VM Temurin-21.0.6+7 (21.0.6+7-LTS, mixed mode, sharing, tiered, compressed oops, compressed class ptrs, parallel gc, windows-amd64)
# No core dump will be written. Minidumps are not enabled by default on client versions of Windows
#

---------------  S U M M A R Y ------------

Command Line: --add-modules=ALL-SYSTEM --add-opens=java.base/java.util=ALL-UNNAMED --add-opens=java.base/java.lang=ALL-UNNAMED --add-opens=java.base/sun.nio.fs=ALL-UNNAMED -Declipse.application=org.eclipse.jdt.ls.core.id1 -Dosgi.bundles.defaultStartLevel=4 -Declipse.product=org.eclipse.jdt.ls.core.product -Djava.import.generatesMetadataFilesAtProjectRoot=false -DDetectVMInstallationsJob.disabled=true -Dfile.encoding=utf8 -XX:+UseParallelGC -XX:GCTimeRatio=4 -XX:AdaptiveSizePolicyWeight=90 -Dsun.zip.disableMemoryMapping=true -Xmx1G -Xms100m -Xlog:disable -javaagent:c:\Users\tahan\.cursor\extensions\redhat.java-1.41.1-win32-x64\lombok\lombok-1.18.36.jar -XX:+HeapDumpOnOutOfMemoryError -XX:HeapDumpPath=c:\Users\tahan\AppData\Roaming\Cursor\User\workspaceStorage\f9d4e4b77ab111226ed9e0125dff6238\redhat.java -Daether.dependencyCollector.impl=bf c:\Users\tahan\.cursor\extensions\redhat.java-1.41.1-win32-x64\server\plugins\org.eclipse.equinox.launcher_1.7.0.v20250331-1702.jar -configuration c:\Users\tahan\AppData\Roaming\Cursor\User\globalStorage\redhat.java\1.41.1\config_win -data c:\Users\tahan\AppData\Roaming\Cursor\User\workspaceStorage\f9d4e4b77ab111226ed9e0125dff6238\redhat.java\jdt_ws --pipe=\\.\pipe\lsp-eb808b5bb6ab1471b8578e61bb6f8ccf-sock

Host: AMD Ryzen 7 5700U with Radeon Graphics         , 16 cores, 15G,  Windows 11 , 64 bit Build 22621 (10.0.22621.4391)
Time: Sun Apr 13 21:22:39 2025 Afr. centrale Ouest elapsed time: 18.862145 seconds (0d 0h 0m 18s)

---------------  T H R E A D  ---------------

Current thread (0x000001dc6625a400):  JavaThread "C2 CompilerThread1" daemon [_thread_in_native, id=12856, stack(0x000000b084d00000,0x000000b084e00000) (1024K)]


Current CompileTask:
C2:18862 15027       4       java.util.Properties::load0 (249 bytes)

Stack: [0x000000b084d00000,0x000000b084e00000]
Native frames: (J=compiled Java code, j=interpreted, Vv=VM code, C=native code)
V  [jvm.dll+0x6cdee9]
V  [jvm.dll+0x8a83d1]
V  [jvm.dll+0x8aa8fe]
V  [jvm.dll+0x8aafe3]
V  [jvm.dll+0x27f706]
V  [jvm.dll+0xc500d]
V  [jvm.dll+0xc5543]
V  [jvm.dll+0x3b6752]
V  [jvm.dll+0x382935]
V  [jvm.dll+0x381d9a]
V  [jvm.dll+0x2479f0]
V  [jvm.dll+0x246fcf]
V  [jvm.dll+0x1c75ee]
V  [jvm.dll+0x25685a]
V  [jvm.dll+0x254dfa]
V  [jvm.dll+0x3f0256]
V  [jvm.dll+0x851f8b]
V  [jvm.dll+0x6cc5ed]
C  [ucrtbase.dll+0x29333]
C  [KERNEL32.DLL+0x1259d]
C  [ntdll.dll+0x5af38]


---------------  P R O C E S S  ---------------

Threads class SMR info:
_java_thread_list=0x000001dc78aeff20, length=90, elements={
0x000001dc50602540, 0x000001dc649ee930, 0x000001dc660d9eb0, 0x000001dc660dcc40,
0x000001dc660dd890, 0x000001dc660e26a0, 0x000001dc660e3e80, 0x000001dc660f2920,
0x000001dc660f6640, 0x000001dc660e37f0, 0x000001dc661ef710, 0x000001dc6625a400,
0x000001dc663d35f0, 0x000001dc663cd970, 0x000001dc660e4510, 0x000001dc660e5230,
0x000001dc660e4ba0, 0x000001dc660e5f50, 0x000001dc660e58c0, 0x000001dc660e6c70,
0x000001dc6c9c9e80, 0x000001dc6c9ce6b0, 0x000001dc6c9c8440, 0x000001dc6c9c7db0,
0x000001dc6c9ca510, 0x000001dc6c9cd300, 0x000001dc6c9cbf50, 0x000001dc6c9cc5e0,
0x000001dc6c9c9160, 0x000001dc6c9cf3d0, 0x000001dc6c9cd990, 0x000001dc6c9ce020,
0x000001dc6c9c8ad0, 0x000001dc6c9c97f0, 0x000001dc6c9caba0, 0x000001dc6c9cb230,
0x000001dc6c9ccc70, 0x000001dc6cc60390, 0x000001dc6cc62460, 0x000001dc6cc610b0,
0x000001dc6cc65250, 0x000001dc6cc63810, 0x000001dc6cc63ea0, 0x000001dc6cc62af0,
0x000001dc6cc63180, 0x000001dc6cc64530, 0x000001dc6cc64bc0, 0x000001dc6cc658e0,
0x000001dc6cc5e950, 0x000001dc6cc65f70, 0x000001dc6cc5efe0, 0x000001dc6cc5f670,
0x000001dc6cc5fd00, 0x000001dc6cc61dd0, 0x000001dc6ebbf770, 0x000001dc6ebc11b0,
0x000001dc6ebbdd30, 0x000001dc6ebbe3c0, 0x000001dc6ebbea50, 0x000001dc6ebbfe00,
0x000001dc6ebbf0e0, 0x000001dc6ebc0490, 0x000001dc6ebc0b20, 0x000001dc6633f6f0,
0x000001dc78627810, 0x000001dc78629f70, 0x000001dc78624a20, 0x000001dc78622fe0,
0x000001dc78628530, 0x000001dc78624390, 0x000001dc7862a600, 0x000001dc78627ea0,
0x000001dc786250b0, 0x000001dc78623670, 0x000001dc78629250, 0x000001dc78625740,
0x000001dc78623d00, 0x000001dc78625dd0, 0x000001dc78626460, 0x000001dc78628bc0,
0x000001dc78626af0, 0x000001dc78627180, 0x000001dc78d8b1b0, 0x000001dc78d8d280,
0x000001dc78d8c560, 0x000001dc78d89e00, 0x000001dc78d8a490, 0x000001dc78d8b840,
0x000001dc78d8ab20, 0x000001dc7051f7a0
}

Java Threads: ( => current thread )
  0x000001dc50602540 JavaThread "main"                              [_thread_blocked, id=27244, stack(0x000000b083f00000,0x000000b084000000) (1024K)]
  0x000001dc649ee930 JavaThread "Reference Handler"          daemon [_thread_blocked, id=25540, stack(0x000000b084300000,0x000000b084400000) (1024K)]
  0x000001dc660d9eb0 JavaThread "Finalizer"                  daemon [_thread_blocked, id=28112, stack(0x000000b084400000,0x000000b084500000) (1024K)]
  0x000001dc660dcc40 JavaThread "Signal Dispatcher"          daemon [_thread_blocked, id=23548, stack(0x000000b084500000,0x000000b084600000) (1024K)]
  0x000001dc660dd890 JavaThread "Attach Listener"            daemon [_thread_blocked, id=24604, stack(0x000000b084600000,0x000000b084700000) (1024K)]
  0x000001dc660e26a0 JavaThread "Service Thread"             daemon [_thread_blocked, id=22988, stack(0x000000b084700000,0x000000b084800000) (1024K)]
  0x000001dc660e3e80 JavaThread "Monitor Deflation Thread"   daemon [_thread_blocked, id=21172, stack(0x000000b084800000,0x000000b084900000) (1024K)]
  0x000001dc660f2920 JavaThread "C2 CompilerThread0"         daemon [_thread_in_native, id=6132, stack(0x000000b084900000,0x000000b084a00000) (1024K)]
  0x000001dc660f6640 JavaThread "C1 CompilerThread0"         daemon [_thread_blocked, id=8820, stack(0x000000b084a00000,0x000000b084b00000) (1024K)]
  0x000001dc660e37f0 JavaThread "Common-Cleaner"             daemon [_thread_blocked, id=25980, stack(0x000000b084b00000,0x000000b084c00000) (1024K)]
  0x000001dc661ef710 JavaThread "C1 CompilerThread1"         daemon [_thread_blocked, id=18800, stack(0x000000b084c00000,0x000000b084d00000) (1024K)]
=>0x000001dc6625a400 JavaThread "C2 CompilerThread1"         daemon [_thread_in_native, id=12856, stack(0x000000b084d00000,0x000000b084e00000) (1024K)]
  0x000001dc663d35f0 JavaThread "C1 CompilerThread2"         daemon [_thread_blocked, id=3476, stack(0x000000b084e00000,0x000000b084f00000) (1024K)]
  0x000001dc663cd970 JavaThread "C1 CompilerThread3"         daemon [_thread_blocked, id=30624, stack(0x000000b084f00000,0x000000b085000000) (1024K)]
  0x000001dc660e4510 JavaThread "Notification Thread"        daemon [_thread_blocked, id=19360, stack(0x000000b085000000,0x000000b085100000) (1024K)]
  0x000001dc660e5230 JavaThread "Active Thread: Equinox Container: a536caac-3879-4150-b94a-37f9d96145fc"        [_thread_blocked, id=11292, stack(0x000000b085700000,0x000000b085800000) (1024K)]
  0x000001dc660e4ba0 JavaThread "Refresh Thread: Equinox Container: a536caac-3879-4150-b94a-37f9d96145fc" daemon [_thread_blocked, id=24960, stack(0x000000b085900000,0x000000b085a00000) (1024K)]
  0x000001dc660e5f50 JavaThread "Framework Event Dispatcher: Equinox Container: a536caac-3879-4150-b94a-37f9d96145fc" daemon [_thread_blocked, id=16368, stack(0x000000b085a00000,0x000000b085b00000) (1024K)]
  0x000001dc660e58c0 JavaThread "Start Level: Equinox Container: a536caac-3879-4150-b94a-37f9d96145fc" daemon [_thread_blocked, id=2244, stack(0x000000b085b00000,0x000000b085c00000) (1024K)]
  0x000001dc660e6c70 JavaThread "Bundle File Closer"         daemon [_thread_blocked, id=26640, stack(0x000000b085c00000,0x000000b085d00000) (1024K)]
  0x000001dc6c9c9e80 JavaThread "SCR Component Actor"        daemon [_thread_blocked, id=6544, stack(0x000000b086000000,0x000000b086100000) (1024K)]
  0x000001dc6c9ce6b0 JavaThread "Worker-JM"                         [_thread_blocked, id=29876, stack(0x000000b086400000,0x000000b086500000) (1024K)]
  0x000001dc6c9c8440 JavaThread "JNA Cleaner"                daemon [_thread_blocked, id=19328, stack(0x000000b086500000,0x000000b086600000) (1024K)]
  0x000001dc6c9c7db0 JavaThread "Worker-0: Building"                [_thread_in_native, id=30064, stack(0x000000b086600000,0x000000b086700000) (1024K)]
  0x000001dc6c9ca510 JavaThread "Worker-1"                          [_thread_blocked, id=28988, stack(0x000000b086700000,0x000000b086800000) (1024K)]
  0x000001dc6c9cd300 JavaThread "Java indexing"              daemon [_thread_in_Java, id=29208, stack(0x000000b086800000,0x000000b086900000) (1024K)]
  0x000001dc6c9cbf50 JavaThread "Worker-2"                          [_thread_blocked, id=18804, stack(0x000000b086900000,0x000000b086a00000) (1024K)]
  0x000001dc6c9cc5e0 JavaThread "Worker-3"                          [_thread_blocked, id=3356, stack(0x000000b086a00000,0x000000b086b00000) (1024K)]
  0x000001dc6c9c9160 JavaThread "Thread-2"                   daemon [_thread_in_native, id=1644, stack(0x000000b086b00000,0x000000b086c00000) (1024K)]
  0x000001dc6c9cf3d0 JavaThread "Thread-3"                   daemon [_thread_in_native, id=23996, stack(0x000000b086c00000,0x000000b086d00000) (1024K)]
  0x000001dc6c9cd990 JavaThread "Thread-4"                   daemon [_thread_in_native, id=21856, stack(0x000000b086d00000,0x000000b086e00000) (1024K)]
  0x000001dc6c9ce020 JavaThread "Thread-5"                   daemon [_thread_in_native, id=14912, stack(0x000000b086e00000,0x000000b086f00000) (1024K)]
  0x000001dc6c9c8ad0 JavaThread "Thread-6"                   daemon [_thread_in_native, id=20208, stack(0x000000b086f00000,0x000000b087000000) (1024K)]
  0x000001dc6c9c97f0 JavaThread "Thread-7"                   daemon [_thread_in_native, id=25996, stack(0x000000b087000000,0x000000b087100000) (1024K)]
  0x000001dc6c9caba0 JavaThread "Thread-8"                   daemon [_thread_in_native, id=28244, stack(0x000000b087100000,0x000000b087200000) (1024K)]
  0x000001dc6c9cb230 JavaThread "Thread-9"                   daemon [_thread_in_native, id=416, stack(0x000000b087200000,0x000000b087300000) (1024K)]
  0x000001dc6c9ccc70 JavaThread "Thread-10"                  daemon [_thread_in_native, id=29472, stack(0x000000b087300000,0x000000b087400000) (1024K)]
  0x000001dc6cc60390 JavaThread "Thread-11"                  daemon [_thread_in_native, id=15532, stack(0x000000b087400000,0x000000b087500000) (1024K)]
  0x000001dc6cc62460 JavaThread "Thread-12"                  daemon [_thread_in_native, id=23880, stack(0x000000b087500000,0x000000b087600000) (1024K)]
  0x000001dc6cc610b0 JavaThread "Thread-13"                  daemon [_thread_in_native, id=27948, stack(0x000000b087600000,0x000000b087700000) (1024K)]
  0x000001dc6cc65250 JavaThread "Thread-14"                  daemon [_thread_in_native, id=3440, stack(0x000000b087700000,0x000000b087800000) (1024K)]
  0x000001dc6cc63810 JavaThread "Thread-15"                  daemon [_thread_in_native, id=25332, stack(0x000000b087800000,0x000000b087900000) (1024K)]
  0x000001dc6cc63ea0 JavaThread "Thread-16"                  daemon [_thread_in_native, id=8544, stack(0x000000b087900000,0x000000b087a00000) (1024K)]
  0x000001dc6cc62af0 JavaThread "Thread-17"                  daemon [_thread_in_native, id=21296, stack(0x000000b087a00000,0x000000b087b00000) (1024K)]
  0x000001dc6cc63180 JavaThread "Thread-18"                  daemon [_thread_in_native, id=28472, stack(0x000000b087b00000,0x000000b087c00000) (1024K)]
  0x000001dc6cc64530 JavaThread "pool-2-thread-1"                   [_thread_blocked, id=30024, stack(0x000000b087c00000,0x000000b087d00000) (1024K)]
  0x000001dc6cc64bc0 JavaThread "Worker-4: Java indexing... "        [_thread_blocked, id=25056, stack(0x000000b087d00000,0x000000b087e00000) (1024K)]
  0x000001dc6cc658e0 JavaThread "WorkspaceEventsHandler"            [_thread_blocked, id=9616, stack(0x000000b087e00000,0x000000b087f00000) (1024K)]
  0x000001dc6cc5e950 JavaThread "pool-1-thread-1"                   [_thread_blocked, id=14216, stack(0x000000b087f00000,0x000000b088000000) (1024K)]
  0x000001dc6cc65f70 JavaThread "Worker-5"                          [_thread_blocked, id=27032, stack(0x000000b088000000,0x000000b088100000) (1024K)]
  0x000001dc6cc5efe0 JavaThread "Worker-6"                          [_thread_blocked, id=28216, stack(0x000000b088100000,0x000000b088200000) (1024K)]
  0x000001dc6cc5f670 JavaThread "LocalFile Deleter"          daemon [_thread_blocked, id=3792, stack(0x000000b088300000,0x000000b088400000) (1024K)]
  0x000001dc6cc5fd00 JavaThread "LocalFile Deleter"          daemon [_thread_blocked, id=16120, stack(0x000000b088400000,0x000000b088500000) (1024K)]
  0x000001dc6cc61dd0 JavaThread "LocalFile Deleter"          daemon [_thread_blocked, id=28868, stack(0x000000b088500000,0x000000b088600000) (1024K)]
  0x000001dc6ebbf770 JavaThread "LocalFile Deleter"          daemon [_thread_blocked, id=21560, stack(0x000000b088600000,0x000000b088700000) (1024K)]
  0x000001dc6ebc11b0 JavaThread "LocalFile Deleter"          daemon [_thread_blocked, id=24312, stack(0x000000b088700000,0x000000b088800000) (1024K)]
  0x000001dc6ebbdd30 JavaThread "LocalFile Deleter"          daemon [_thread_blocked, id=18184, stack(0x000000b088800000,0x000000b088900000) (1024K)]
  0x000001dc6ebbe3c0 JavaThread "Compiler Source File Reader" daemon [_thread_blocked, id=10832, stack(0x000000b088900000,0x000000b088a00000) (1024K)]
  0x000001dc6ebbea50 JavaThread "Keep-Alive-Timer"           daemon [_thread_blocked, id=30456, stack(0x000000b086100000,0x000000b086200000) (1024K)]
  0x000001dc6ebbfe00 JavaThread "Compiler Processing Task"   daemon [_thread_blocked, id=1688, stack(0x000000b088a00000,0x000000b088b00000) (1024K)]
  0x000001dc6ebbf0e0 JavaThread "Compiler Class File Writer" daemon [_thread_blocked, id=4884, stack(0x000000b088b00000,0x000000b088c00000) (1024K)]
  0x000001dc6ebc0490 JavaThread "Compiler Source File Reader" daemon [_thread_blocked, id=17924, stack(0x000000b088c00000,0x000000b088d00000) (1024K)]
  0x000001dc6ebc0b20 JavaThread "Compiler Class File Writer" daemon [_thread_blocked, id=2340, stack(0x000000b088d00000,0x000000b088e00000) (1024K)]
  0x000001dc6633f6f0 JavaThread "C2 CompilerThread2"         daemon [_thread_in_native, id=23600, stack(0x000000b088e00000,0x000000b088f00000) (1024K)]
  0x000001dc78627810 JavaThread "Compiler Source File Reader" daemon [_thread_blocked, id=24036, stack(0x000000b088f00000,0x000000b089000000) (1024K)]
  0x000001dc78629f70 JavaThread "Compiler Class File Writer" daemon [_thread_blocked, id=25776, stack(0x000000b089000000,0x000000b089100000) (1024K)]
  0x000001dc78624a20 JavaThread "Compiler Source File Reader" daemon [_thread_blocked, id=25764, stack(0x000000b089100000,0x000000b089200000) (1024K)]
  0x000001dc78622fe0 JavaThread "Compiler Class File Writer" daemon [_thread_blocked, id=14000, stack(0x000000b089200000,0x000000b089300000) (1024K)]
  0x000001dc78628530 JavaThread "LocalFile Deleter"          daemon [_thread_blocked, id=20164, stack(0x000000b089300000,0x000000b089400000) (1024K)]
  0x000001dc78624390 JavaThread "LocalFile Deleter"          daemon [_thread_blocked, id=29724, stack(0x000000b089400000,0x000000b089500000) (1024K)]
  0x000001dc7862a600 JavaThread "LocalFile Deleter"          daemon [_thread_blocked, id=27196, stack(0x000000b089500000,0x000000b089600000) (1024K)]
  0x000001dc78627ea0 JavaThread "LocalFile Deleter"          daemon [_thread_blocked, id=22440, stack(0x000000b089600000,0x000000b089700000) (1024K)]
  0x000001dc786250b0 JavaThread "LocalFile Deleter"          daemon [_thread_blocked, id=23180, stack(0x000000b089700000,0x000000b089800000) (1024K)]
  0x000001dc78623670 JavaThread "LocalFile Deleter"          daemon [_thread_blocked, id=25656, stack(0x000000b089800000,0x000000b089900000) (1024K)]
  0x000001dc78629250 JavaThread "LocalFile Deleter"          daemon [_thread_blocked, id=18520, stack(0x000000b089900000,0x000000b089a00000) (1024K)]
  0x000001dc78625740 JavaThread "LocalFile Deleter"          daemon [_thread_blocked, id=12760, stack(0x000000b089a00000,0x000000b089b00000) (1024K)]
  0x000001dc78623d00 JavaThread "Compiler Source File Reader" daemon [_thread_blocked, id=16744, stack(0x000000b089b00000,0x000000b089c00000) (1024K)]
  0x000001dc78625dd0 JavaThread "Compiler Source File Reader" daemon [_thread_blocked, id=29024, stack(0x000000b089c00000,0x000000b089d00000) (1024K)]
  0x000001dc78626460 JavaThread "Compiler Source File Reader" daemon [_thread_blocked, id=15588, stack(0x000000b089d00000,0x000000b089e00000) (1024K)]
  0x000001dc78628bc0 JavaThread "Compiler Source File Reader" daemon [_thread_blocked, id=21828, stack(0x000000b089e00000,0x000000b089f00000) (1024K)]
  0x000001dc78626af0 JavaThread "Compiler Source File Reader" daemon [_thread_blocked, id=28124, stack(0x000000b089f00000,0x000000b08a000000) (1024K)]
  0x000001dc78627180 JavaThread "Compiler Source File Reader" daemon [_thread_blocked, id=1960, stack(0x000000b08a000000,0x000000b08a100000) (1024K)]
  0x000001dc78d8b1b0 JavaThread "Compiler Class File Writer" daemon [_thread_blocked, id=23960, stack(0x000000b08a100000,0x000000b08a200000) (1024K)]
  0x000001dc78d8d280 JavaThread "Compiler Class File Writer" daemon [_thread_blocked, id=29200, stack(0x000000b08a200000,0x000000b08a300000) (1024K)]
  0x000001dc78d8c560 JavaThread "Compiler Class File Writer" daemon [_thread_blocked, id=23508, stack(0x000000b08a300000,0x000000b08a400000) (1024K)]
  0x000001dc78d89e00 JavaThread "Compiler Class File Writer" daemon [_thread_blocked, id=19968, stack(0x000000b08a400000,0x000000b08a500000) (1024K)]
  0x000001dc78d8a490 JavaThread "Compiler Class File Writer" daemon [_thread_blocked, id=28108, stack(0x000000b08a500000,0x000000b08a600000) (1024K)]
  0x000001dc78d8b840 JavaThread "Compiler Class File Writer" daemon [_thread_blocked, id=25076, stack(0x000000b08a600000,0x000000b08a700000) (1024K)]
  0x000001dc78d8ab20 JavaThread "Compiler Source File Reader" daemon [_thread_blocked, id=29736, stack(0x000000b08a700000,0x000000b08a800000) (1024K)]
  0x000001dc7051f7a0 JavaThread "Compiler Class File Writer" daemon [_thread_blocked, id=29412, stack(0x000000b08a800000,0x000000b08a900000) (1024K)]
Total: 90

Other Threads:
  0x000001dc506be7c0 VMThread "VM Thread"                           [id=12912, stack(0x000000b084200000,0x000000b084300000) (1024K)]
  0x000001dc648cca10 WatcherThread "VM Periodic Task Thread"        [id=22824, stack(0x000000b084100000,0x000000b084200000) (1024K)]
  0x000001dc5061f3a0 WorkerThread "GC Thread#0"                     [id=26328, stack(0x000000b084000000,0x000000b084100000) (1024K)]
  0x000001dc67c24030 WorkerThread "GC Thread#1"                     [id=7464, stack(0x000000b085100000,0x000000b085200000) (1024K)]
  0x000001dc67c243d0 WorkerThread "GC Thread#2"                     [id=24900, stack(0x000000b085200000,0x000000b085300000) (1024K)]
  0x000001dc6c19cf10 WorkerThread "GC Thread#3"                     [id=27884, stack(0x000000b085300000,0x000000b085400000) (1024K)]
  0x000001dc6c19d2b0 WorkerThread "GC Thread#4"                     [id=2480, stack(0x000000b085400000,0x000000b085500000) (1024K)]
  0x000001dc67ea59c0 WorkerThread "GC Thread#5"                     [id=26704, stack(0x000000b085500000,0x000000b085600000) (1024K)]
  0x000001dc67a5c050 WorkerThread "GC Thread#6"                     [id=28048, stack(0x000000b085600000,0x000000b085700000) (1024K)]
  0x000001dc67a5c790 WorkerThread "GC Thread#7"                     [id=12208, stack(0x000000b085800000,0x000000b085900000) (1024K)]
  0x000001dc67a5c3f0 WorkerThread "GC Thread#8"                     [id=29020, stack(0x000000b085d00000,0x000000b085e00000) (1024K)]
  0x000001dc67a5ae30 WorkerThread "GC Thread#9"                     [id=28924, stack(0x000000b085e00000,0x000000b085f00000) (1024K)]
  0x000001dc67a5b1d0 WorkerThread "GC Thread#10"                    [id=13740, stack(0x000000b085f00000,0x000000b086000000) (1024K)]
  0x000001dc6c56cde0 WorkerThread "GC Thread#11"                    [id=24452, stack(0x000000b086200000,0x000000b086300000) (1024K)]
  0x000001dc6c56eae0 WorkerThread "GC Thread#12"                    [id=29556, stack(0x000000b086300000,0x000000b086400000) (1024K)]
Total: 15

Threads with active compile tasks:
C2 CompilerThread0  18898 15120       4       java.util.regex.Pattern::sequence (647 bytes)
C2 CompilerThread1  18898 15027       4       java.util.Properties::load0 (249 bytes)
C2 CompilerThread2  18898 15198       4       org.eclipse.aether.util.graph.transformer.ConflictResolver$State::push (457 bytes)
Total: 3

VM state: not at safepoint (normal execution)

VM Mutex/Monitor currently owned by a thread: None

Heap address: 0x00000000c0000000, size: 1024 MB, Compressed Oops mode: 32-bit

CDS archive(s) mapped at: [0x000001dc00000000-0x000001dc00ba0000-0x000001dc00ba0000), size 12189696, SharedBaseAddress: 0x000001dc00000000, ArchiveRelocationMode: 1.
Compressed class space mapped at: 0x000001dc01000000-0x000001dc41000000, reserved size: 1073741824
Narrow klass base: 0x000001dc00000000, Narrow klass shift: 0, Narrow klass range: 0x100000000

GC Precious Log:
 CardTable entry size: 512
 CPUs: 16 total, 16 available
 Memory: 15693M
 Large Page Support: Disabled
 NUMA Support: Disabled
 Compressed Oops: Enabled (32-bit)
 Alignments: Space 512K, Generation 512K, Heap 2M
 Heap Min Capacity: 100M
 Heap Initial Capacity: 100M
 Heap Max Capacity: 1G
 Pre-touch: Disabled
 Parallel Workers: 13

Heap:
 PSYoungGen      total 6656K, used 4369K [0x00000000eab00000, 0x00000000eb280000, 0x0000000100000000)
  eden space 5632K, 65% used [0x00000000eab00000,0x00000000eae94730,0x00000000eb080000)
  from space 1024K, 68% used [0x00000000eb080000,0x00000000eb130000,0x00000000eb180000)
  to   space 1024K, 0% used [0x00000000eb180000,0x00000000eb180000,0x00000000eb280000)
 ParOldGen       total 529920K, used 529535K [0x00000000c0000000, 0x00000000e0580000, 0x00000000eab00000)
  object space 529920K, 99% used [0x00000000c0000000,0x00000000e051fee8,0x00000000e0580000)
 Metaspace       used 68114K, committed 69632K, reserved 1114112K
  class space    used 6960K, committed 7616K, reserved 1048576K

Card table byte_map: [0x000001dc4ffa0000,0x000001dc501b0000] _byte_map_base: 0x000001dc4f9a0000

Marking Bits: (ParMarkBitMap*) 0x00007ffb93423260
 Begin Bits: [0x000001dc627f0000, 0x000001dc637f0000)
 End Bits:   [0x000001dc637f0000, 0x000001dc647f0000)

Polling page: 0x000001dc4e3e0000

Metaspace:

Usage:
  Non-class:     59.72 MB used.
      Class:      6.80 MB used.
       Both:     66.52 MB used.

Virtual space:
  Non-class space:       64.00 MB reserved,      60.56 MB ( 95%) committed,  1 nodes.
      Class space:        1.00 GB reserved,       7.44 MB ( <1%) committed,  1 nodes.
             Both:        1.06 GB reserved,      68.00 MB (  6%) committed. 

Chunk freelists:
   Non-Class:  3.44 MB
       Class:  8.57 MB
        Both:  12.00 MB

MaxMetaspaceSize: unlimited
CompressedClassSpaceSize: 1.00 GB
Initial GC threshold: 21.00 MB
Current GC threshold: 97.31 MB
CDS: on
 - commit_granule_bytes: 65536.
 - commit_granule_words: 8192.
 - virtual_space_node_default_size: 8388608.
 - enlarge_chunks_in_place: 1.
 - use_allocation_guard: 0.


Internal statistics:

num_allocs_failed_limit: 9.
num_arena_births: 1202.
num_arena_deaths: 14.
num_vsnodes_births: 2.
num_vsnodes_deaths: 0.
num_space_committed: 1088.
num_space_uncommitted: 0.
num_chunks_returned_to_freelist: 23.
num_chunks_taken_from_freelist: 4200.
num_chunk_merges: 9.
num_chunk_splits: 2606.
num_chunks_enlarged: 1479.
num_inconsistent_stats: 0.

CodeHeap 'non-profiled nmethods': size=119168Kb used=8452Kb max_used=8452Kb free=110716Kb
 bounds [0x000001dc5b390000, 0x000001dc5bbe0000, 0x000001dc627f0000]
CodeHeap 'profiled nmethods': size=119104Kb used=31274Kb max_used=31274Kb free=87829Kb
 bounds [0x000001dc537f0000, 0x000001dc55680000, 0x000001dc5ac40000]
CodeHeap 'non-nmethods': size=7488Kb used=3159Kb max_used=3258Kb free=4328Kb
 bounds [0x000001dc5ac40000, 0x000001dc5af80000, 0x000001dc5b390000]
 total_blobs=15091 nmethods=14309 adapters=684
 compilation: enabled
              stopped_count=0, restarted_count=0
 full_count=0

Compilation events (20 events):
Event: 18.841 Thread 0x000001dc661ef710 15179       3       org.eclipse.aether.graph.Exclusion::hashCode (57 bytes)
Event: 18.842 Thread 0x000001dc660f6640 15180       3       org.eclipse.aether.internal.impl.collect.DataPool$GraphKey::equals (111 bytes)
Event: 18.842 Thread 0x000001dc661ef710 nmethod 15179 0x000001dc5564b790 code [0x000001dc5564b960, 0x000001dc5564bb98]
Event: 18.842 Thread 0x000001dc663d35f0 nmethod 15178 0x000001dc5564bd10 code [0x000001dc5564bf60, 0x000001dc5564c7d8]
Event: 18.843 Thread 0x000001dc660f6640 nmethod 15180 0x000001dc5564cb90 code [0x000001dc5564ce40, 0x000001dc5564de90]
Event: 18.848 Thread 0x000001dc660f6640 15182 %     3       org.apache.maven.model.management.DefaultPluginManagementInjector$ManagementModelMerger::mergePluginContainerPlugins @ 104 (168 bytes)
Event: 18.851 Thread 0x000001dc660f6640 nmethod 15182% 0x000001dc5564e190 code [0x000001dc5564e640, 0x000001dc55650ac0]
Event: 18.851 Thread 0x000001dc660f2920 nmethod 15119 0x000001dc5bbc6810 code [0x000001dc5bbc6d40, 0x000001dc5bbc9638]
Event: 18.851 Thread 0x000001dc661ef710 15184       3       java.util.Properties$LineReader::<init> (38 bytes)
Event: 18.852 Thread 0x000001dc660f2920 15150       4       java.lang.Integer::parseInt (264 bytes)
Event: 18.852 Thread 0x000001dc661ef710 nmethod 15184 0x000001dc55651790 code [0x000001dc55651940, 0x000001dc55651c30]
Event: 18.852 Thread 0x000001dc661ef710 15185       3       org.apache.maven.model.Reporting::setLocation (186 bytes)
Event: 18.853 Thread 0x000001dc661ef710 nmethod 15185 0x000001dc55651d10 code [0x000001dc55651fe0, 0x000001dc55653038]
Event: 18.853 Thread 0x000001dc661ef710 15186       1       org.apache.maven.model.PatternSet::setIncludes (6 bytes)
Event: 18.853 Thread 0x000001dc661ef710 nmethod 15186 0x000001dc5bbcab10 code [0x000001dc5bbcaca0, 0x000001dc5bbcad80]
Event: 18.854 Thread 0x000001dc661ef710 15187       3       org.apache.maven.model.inheritance.DefaultInheritanceAssembler$InheritanceModelMerger::concatPath (105 bytes)
Event: 18.855 Thread 0x000001dc660f6640 15188       3       java.util.concurrent.locks.ReentrantReadWriteLock$ReadLock::tryLock (14 bytes)
Event: 18.855 Thread 0x000001dc660f6640 nmethod 15188 0x000001dc55653410 code [0x000001dc556535c0, 0x000001dc55653760]
Event: 18.855 Thread 0x000001dc661ef710 nmethod 15187 0x000001dc55653890 code [0x000001dc55653b80, 0x000001dc55654ae8]
Event: 18.858 Thread 0x000001dc663cd970 nmethod 15173 0x000001dc55655190 code [0x000001dc55656140, 0x000001dc55661568]

GC Heap History (20 events):
Event: 18.764 GC heap after
{Heap after GC invocations=541 (full 3):
 PSYoungGen      total 7168K, used 918K [0x00000000eab00000, 0x00000000eb380000, 0x0000000100000000)
  eden space 6144K, 0% used [0x00000000eab00000,0x00000000eab00000,0x00000000eb100000)
  from space 1024K, 89% used [0x00000000eb280000,0x00000000eb365808,0x00000000eb380000)
  to   space 1024K, 0% used [0x00000000eb180000,0x00000000eb180000,0x00000000eb280000)
 ParOldGen       total 524288K, used 524156K [0x00000000c0000000, 0x00000000e0000000, 0x00000000eab00000)
  object space 524288K, 99% used [0x00000000c0000000,0x00000000dffdf000,0x00000000e0000000)
 Metaspace       used 68091K, committed 69568K, reserved 1114112K
  class space    used 6959K, committed 7616K, reserved 1048576K
}
Event: 18.774 GC heap before
{Heap before GC invocations=542 (full 3):
 PSYoungGen      total 7168K, used 7062K [0x00000000eab00000, 0x00000000eb380000, 0x0000000100000000)
  eden space 6144K, 100% used [0x00000000eab00000,0x00000000eb100000,0x00000000eb100000)
  from space 1024K, 89% used [0x00000000eb280000,0x00000000eb365808,0x00000000eb380000)
  to   space 1024K, 0% used [0x00000000eb180000,0x00000000eb180000,0x00000000eb280000)
 ParOldGen       total 524288K, used 524156K [0x00000000c0000000, 0x00000000e0000000, 0x00000000eab00000)
  object space 524288K, 99% used [0x00000000c0000000,0x00000000dffdf000,0x00000000e0000000)
 Metaspace       used 68101K, committed 69568K, reserved 1114112K
  class space    used 6959K, committed 7616K, reserved 1048576K
}
Event: 18.776 GC heap after
{Heap after GC invocations=542 (full 3):
 PSYoungGen      total 6656K, used 480K [0x00000000eab00000, 0x00000000eb300000, 0x0000000100000000)
  eden space 6144K, 0% used [0x00000000eab00000,0x00000000eab00000,0x00000000eb100000)
  from space 512K, 93% used [0x00000000eb180000,0x00000000eb1f8000,0x00000000eb200000)
  to   space 1024K, 0% used [0x00000000eb200000,0x00000000eb200000,0x00000000eb300000)
 ParOldGen       total 524800K, used 524706K [0x00000000c0000000, 0x00000000e0080000, 0x00000000eab00000)
  object space 524800K, 99% used [0x00000000c0000000,0x00000000e0068808,0x00000000e0080000)
 Metaspace       used 68101K, committed 69568K, reserved 1114112K
  class space    used 6959K, committed 7616K, reserved 1048576K
}
Event: 18.783 GC heap before
{Heap before GC invocations=543 (full 3):
 PSYoungGen      total 6656K, used 6624K [0x00000000eab00000, 0x00000000eb300000, 0x0000000100000000)
  eden space 6144K, 100% used [0x00000000eab00000,0x00000000eb100000,0x00000000eb100000)
  from space 512K, 93% used [0x00000000eb180000,0x00000000eb1f8000,0x00000000eb200000)
  to   space 1024K, 0% used [0x00000000eb200000,0x00000000eb200000,0x00000000eb300000)
 ParOldGen       total 524800K, used 524706K [0x00000000c0000000, 0x00000000e0080000, 0x00000000eab00000)
  object space 524800K, 99% used [0x00000000c0000000,0x00000000e0068808,0x00000000e0080000)
 Metaspace       used 68101K, committed 69568K, reserved 1114112K
  class space    used 6959K, committed 7616K, reserved 1048576K
}
Event: 18.785 GC heap after
{Heap after GC invocations=543 (full 3):
 PSYoungGen      total 6656K, used 992K [0x00000000eab00000, 0x00000000eb580000, 0x0000000100000000)
  eden space 5632K, 0% used [0x00000000eab00000,0x00000000eab00000,0x00000000eb080000)
  from space 1024K, 96% used [0x00000000eb200000,0x00000000eb2f8010,0x00000000eb300000)
  to   space 1536K, 0% used [0x00000000eb080000,0x00000000eb080000,0x00000000eb200000)
 ParOldGen       total 525312K, used 525034K [0x00000000c0000000, 0x00000000e0100000, 0x00000000eab00000)
  object space 525312K, 99% used [0x00000000c0000000,0x00000000e00ba808,0x00000000e0100000)
 Metaspace       used 68101K, committed 69568K, reserved 1114112K
  class space    used 6959K, committed 7616K, reserved 1048576K
}
Event: 18.793 GC heap before
{Heap before GC invocations=544 (full 3):
 PSYoungGen      total 6656K, used 6624K [0x00000000eab00000, 0x00000000eb580000, 0x0000000100000000)
  eden space 5632K, 100% used [0x00000000eab00000,0x00000000eb080000,0x00000000eb080000)
  from space 1024K, 96% used [0x00000000eb200000,0x00000000eb2f8010,0x00000000eb300000)
  to   space 1536K, 0% used [0x00000000eb080000,0x00000000eb080000,0x00000000eb200000)
 ParOldGen       total 525312K, used 525034K [0x00000000c0000000, 0x00000000e0100000, 0x00000000eab00000)
  object space 525312K, 99% used [0x00000000c0000000,0x00000000e00ba808,0x00000000e0100000)
 Metaspace       used 68103K, committed 69568K, reserved 1114112K
  class space    used 6960K, committed 7616K, reserved 1048576K
}
Event: 18.795 GC heap after
{Heap after GC invocations=544 (full 3):
 PSYoungGen      total 7168K, used 1184K [0x00000000eab00000, 0x00000000eb380000, 0x0000000100000000)
  eden space 5632K, 0% used [0x00000000eab00000,0x00000000eab00000,0x00000000eb080000)
  from space 1536K, 77% used [0x00000000eb080000,0x00000000eb1a8000,0x00000000eb200000)
  to   space 1536K, 0% used [0x00000000eb200000,0x00000000eb200000,0x00000000eb380000)
 ParOldGen       total 525824K, used 525398K [0x00000000c0000000, 0x00000000e0180000, 0x00000000eab00000)
  object space 525824K, 99% used [0x00000000c0000000,0x00000000e0115818,0x00000000e0180000)
 Metaspace       used 68103K, committed 69568K, reserved 1114112K
  class space    used 6960K, committed 7616K, reserved 1048576K
}
Event: 18.802 GC heap before
{Heap before GC invocations=545 (full 3):
 PSYoungGen      total 7168K, used 6816K [0x00000000eab00000, 0x00000000eb380000, 0x0000000100000000)
  eden space 5632K, 100% used [0x00000000eab00000,0x00000000eb080000,0x00000000eb080000)
  from space 1536K, 77% used [0x00000000eb080000,0x00000000eb1a8000,0x00000000eb200000)
  to   space 1536K, 0% used [0x00000000eb200000,0x00000000eb200000,0x00000000eb380000)
 ParOldGen       total 525824K, used 525398K [0x00000000c0000000, 0x00000000e0180000, 0x00000000eab00000)
  object space 525824K, 99% used [0x00000000c0000000,0x00000000e0115818,0x00000000e0180000)
 Metaspace       used 68103K, committed 69568K, reserved 1114112K
  class space    used 6960K, committed 7616K, reserved 1048576K
}
Event: 18.804 GC heap after
{Heap after GC invocations=545 (full 3):
 PSYoungGen      total 6656K, used 832K [0x00000000eab00000, 0x00000000eb300000, 0x0000000100000000)
  eden space 5632K, 0% used [0x00000000eab00000,0x00000000eab00000,0x00000000eb080000)
  from space 1024K, 81% used [0x00000000eb200000,0x00000000eb2d0000,0x00000000eb300000)
  to   space 1024K, 0% used [0x00000000eb100000,0x00000000eb100000,0x00000000eb200000)
 ParOldGen       total 526336K, used 526030K [0x00000000c0000000, 0x00000000e0200000, 0x00000000eab00000)
  object space 526336K, 99% used [0x00000000c0000000,0x00000000e01b3818,0x00000000e0200000)
 Metaspace       used 68103K, committed 69568K, reserved 1114112K
  class space    used 6960K, committed 7616K, reserved 1048576K
}
Event: 18.810 GC heap before
{Heap before GC invocations=546 (full 3):
 PSYoungGen      total 6656K, used 6464K [0x00000000eab00000, 0x00000000eb300000, 0x0000000100000000)
  eden space 5632K, 100% used [0x00000000eab00000,0x00000000eb080000,0x00000000eb080000)
  from space 1024K, 81% used [0x00000000eb200000,0x00000000eb2d0000,0x00000000eb300000)
  to   space 1024K, 0% used [0x00000000eb100000,0x00000000eb100000,0x00000000eb200000)
 ParOldGen       total 526336K, used 526030K [0x00000000c0000000, 0x00000000e0200000, 0x00000000eab00000)
  object space 526336K, 99% used [0x00000000c0000000,0x00000000e01b3818,0x00000000e0200000)
 Metaspace       used 68103K, committed 69568K, reserved 1114112K
  class space    used 6960K, committed 7616K, reserved 1048576K
}
Event: 18.812 GC heap after
{Heap after GC invocations=546 (full 3):
 PSYoungGen      total 6656K, used 832K [0x00000000eab00000, 0x00000000eb280000, 0x0000000100000000)
  eden space 5632K, 0% used [0x00000000eab00000,0x00000000eab00000,0x00000000eb080000)
  from space 1024K, 81% used [0x00000000eb100000,0x00000000eb1d0000,0x00000000eb200000)
  to   space 512K, 0% used [0x00000000eb200000,0x00000000eb200000,0x00000000eb280000)
 ParOldGen       total 526848K, used 526518K [0x00000000c0000000, 0x00000000e0280000, 0x00000000eab00000)
  object space 526848K, 99% used [0x00000000c0000000,0x00000000e022d818,0x00000000e0280000)
 Metaspace       used 68103K, committed 69568K, reserved 1114112K
  class space    used 6960K, committed 7616K, reserved 1048576K
}
Event: 18.819 GC heap before
{Heap before GC invocations=547 (full 3):
 PSYoungGen      total 6656K, used 6463K [0x00000000eab00000, 0x00000000eb280000, 0x0000000100000000)
  eden space 5632K, 99% used [0x00000000eab00000,0x00000000eb07fe48,0x00000000eb080000)
  from space 1024K, 81% used [0x00000000eb100000,0x00000000eb1d0000,0x00000000eb200000)
  to   space 512K, 0% used [0x00000000eb200000,0x00000000eb200000,0x00000000eb280000)
 ParOldGen       total 526848K, used 526534K [0x00000000c0000000, 0x00000000e0280000, 0x00000000eab00000)
  object space 526848K, 99% used [0x00000000c0000000,0x00000000e0231828,0x00000000e0280000)
 Metaspace       used 68104K, committed 69568K, reserved 1114112K
  class space    used 6960K, committed 7616K, reserved 1048576K
}
Event: 18.821 GC heap after
{Heap after GC invocations=547 (full 3):
 PSYoungGen      total 6144K, used 512K [0x00000000eab00000, 0x00000000eb380000, 0x0000000100000000)
  eden space 5632K, 0% used [0x00000000eab00000,0x00000000eab00000,0x00000000eb080000)
  from space 512K, 100% used [0x00000000eb200000,0x00000000eb280000,0x00000000eb280000)
  to   space 1536K, 0% used [0x00000000eb080000,0x00000000eb080000,0x00000000eb200000)
 ParOldGen       total 527360K, used 527166K [0x00000000c0000000, 0x00000000e0300000, 0x00000000eab00000)
  object space 527360K, 99% used [0x00000000c0000000,0x00000000e02cf838,0x00000000e0300000)
 Metaspace       used 68104K, committed 69568K, reserved 1114112K
  class space    used 6960K, committed 7616K, reserved 1048576K
}
Event: 18.828 GC heap before
{Heap before GC invocations=548 (full 3):
 PSYoungGen      total 6144K, used 6144K [0x00000000eab00000, 0x00000000eb380000, 0x0000000100000000)
  eden space 5632K, 100% used [0x00000000eab00000,0x00000000eb080000,0x00000000eb080000)
  from space 512K, 100% used [0x00000000eb200000,0x00000000eb280000,0x00000000eb280000)
  to   space 1536K, 0% used [0x00000000eb080000,0x00000000eb080000,0x00000000eb200000)
 ParOldGen       total 527360K, used 527216K [0x00000000c0000000, 0x00000000e0300000, 0x00000000eab00000)
  object space 527360K, 99% used [0x00000000c0000000,0x00000000e02dc0a8,0x00000000e0300000)
 Metaspace       used 68104K, committed 69568K, reserved 1114112K
  class space    used 6960K, committed 7616K, reserved 1048576K
}
Event: 18.829 GC heap after
{Heap after GC invocations=548 (full 3):
 PSYoungGen      total 6656K, used 832K [0x00000000eab00000, 0x00000000eb280000, 0x0000000100000000)
  eden space 5632K, 0% used [0x00000000eab00000,0x00000000eab00000,0x00000000eb080000)
  from space 1024K, 81% used [0x00000000eb080000,0x00000000eb150000,0x00000000eb180000)
  to   space 1024K, 0% used [0x00000000eb180000,0x00000000eb180000,0x00000000eb280000)
 ParOldGen       total 527872K, used 527644K [0x00000000c0000000, 0x00000000e0380000, 0x00000000eab00000)
  object space 527872K, 99% used [0x00000000c0000000,0x00000000e03470b8,0x00000000e0380000)
 Metaspace       used 68104K, committed 69568K, reserved 1114112K
  class space    used 6960K, committed 7616K, reserved 1048576K
}
Event: 18.837 GC heap before
{Heap before GC invocations=549 (full 3):
 PSYoungGen      total 6656K, used 6464K [0x00000000eab00000, 0x00000000eb280000, 0x0000000100000000)
  eden space 5632K, 100% used [0x00000000eab00000,0x00000000eb080000,0x00000000eb080000)
  from space 1024K, 81% used [0x00000000eb080000,0x00000000eb150000,0x00000000eb180000)
  to   space 1024K, 0% used [0x00000000eb180000,0x00000000eb180000,0x00000000eb280000)
 ParOldGen       total 527872K, used 527667K [0x00000000c0000000, 0x00000000e0380000, 0x00000000eab00000)
  object space 527872K, 99% used [0x00000000c0000000,0x00000000e034cee0,0x00000000e0380000)
 Metaspace       used 68104K, committed 69568K, reserved 1114112K
  class space    used 6960K, committed 7616K, reserved 1048576K
}
Event: 18.838 GC heap after
{Heap after GC invocations=549 (full 3):
 PSYoungGen      total 6656K, used 780K [0x00000000eab00000, 0x00000000eb280000, 0x0000000100000000)
  eden space 5632K, 0% used [0x00000000eab00000,0x00000000eab00000,0x00000000eb080000)
  from space 1024K, 76% used [0x00000000eb180000,0x00000000eb243008,0x00000000eb280000)
  to   space 1024K, 0% used [0x00000000eb080000,0x00000000eb080000,0x00000000eb180000)
 ParOldGen       total 528384K, used 528139K [0x00000000c0000000, 0x00000000e0400000, 0x00000000eab00000)
  object space 528384K, 99% used [0x00000000c0000000,0x00000000e03c2ee0,0x00000000e0400000)
 Metaspace       used 68104K, committed 69568K, reserved 1114112K
  class space    used 6960K, committed 7616K, reserved 1048576K
}
Event: 18.845 GC heap before
{Heap before GC invocations=550 (full 3):
 PSYoungGen      total 6656K, used 6412K [0x00000000eab00000, 0x00000000eb280000, 0x0000000100000000)
  eden space 5632K, 100% used [0x00000000eab00000,0x00000000eb080000,0x00000000eb080000)
  from space 1024K, 76% used [0x00000000eb180000,0x00000000eb243008,0x00000000eb280000)
  to   space 1024K, 0% used [0x00000000eb080000,0x00000000eb080000,0x00000000eb180000)
 ParOldGen       total 528384K, used 528139K [0x00000000c0000000, 0x00000000e0400000, 0x00000000eab00000)
  object space 528384K, 99% used [0x00000000c0000000,0x00000000e03c2ee0,0x00000000e0400000)
 Metaspace       used 68105K, committed 69568K, reserved 1114112K
  class space    used 6960K, committed 7616K, reserved 1048576K
}
Event: 18.847 GC heap after
{Heap after GC invocations=550 (full 3):
 PSYoungGen      total 6656K, used 960K [0x00000000eab00000, 0x00000000eb280000, 0x0000000100000000)
  eden space 5632K, 0% used [0x00000000eab00000,0x00000000eab00000,0x00000000eb080000)
  from space 1024K, 93% used [0x00000000eb080000,0x00000000eb170000,0x00000000eb180000)
  to   space 1024K, 0% used [0x00000000eb180000,0x00000000eb180000,0x00000000eb280000)
 ParOldGen       total 528896K, used 528751K [0x00000000c0000000, 0x00000000e0480000, 0x00000000eab00000)
  object space 528896K, 99% used [0x00000000c0000000,0x00000000e045bee8,0x00000000e0480000)
 Metaspace       used 68105K, committed 69568K, reserved 1114112K
  class space    used 6960K, committed 7616K, reserved 1048576K
}
Event: 18.858 GC heap before
{Heap before GC invocations=551 (full 3):
 PSYoungGen      total 6656K, used 6592K [0x00000000eab00000, 0x00000000eb280000, 0x0000000100000000)
  eden space 5632K, 100% used [0x00000000eab00000,0x00000000eb080000,0x00000000eb080000)
  from space 1024K, 93% used [0x00000000eb080000,0x00000000eb170000,0x00000000eb180000)
  to   space 1024K, 0% used [0x00000000eb180000,0x00000000eb180000,0x00000000eb280000)
 ParOldGen       total 528896K, used 528751K [0x00000000c0000000, 0x00000000e0480000, 0x00000000eab00000)
  object space 528896K, 99% used [0x00000000c0000000,0x00000000e045bee8,0x00000000e0480000)
 Metaspace       used 68107K, committed 69632K, reserved 1114112K
  class space    used 6960K, committed 7616K, reserved 1048576K
}

Dll operation events (12 events):
Event: 0.012 Loaded shared library c:\Users\tahan\.cursor\extensions\redhat.java-1.41.1-win32-x64\jre\21.0.6-win32-x86_64\bin\java.dll
Event: 0.096 Loaded shared library c:\Users\tahan\.cursor\extensions\redhat.java-1.41.1-win32-x64\jre\21.0.6-win32-x86_64\bin\zip.dll
Event: 0.125 Loaded shared library C:\Users\tahan\.cursor\extensions\redhat.java-1.41.1-win32-x64\jre\21.0.6-win32-x86_64\bin\instrument.dll
Event: 0.130 Loaded shared library C:\Users\tahan\.cursor\extensions\redhat.java-1.41.1-win32-x64\jre\21.0.6-win32-x86_64\bin\net.dll
Event: 0.133 Loaded shared library C:\Users\tahan\.cursor\extensions\redhat.java-1.41.1-win32-x64\jre\21.0.6-win32-x86_64\bin\nio.dll
Event: 0.138 Loaded shared library C:\Users\tahan\.cursor\extensions\redhat.java-1.41.1-win32-x64\jre\21.0.6-win32-x86_64\bin\zip.dll
Event: 0.160 Loaded shared library C:\Users\tahan\.cursor\extensions\redhat.java-1.41.1-win32-x64\jre\21.0.6-win32-x86_64\bin\jimage.dll
Event: 0.243 Loaded shared library c:\Users\tahan\.cursor\extensions\redhat.java-1.41.1-win32-x64\jre\21.0.6-win32-x86_64\bin\verify.dll
Event: 1.390 Loaded shared library C:\Users\tahan\AppData\Roaming\Cursor\User\globalStorage\redhat.java\1.41.1\config_win\org.eclipse.equinox.launcher\org.eclipse.equinox.launcher.win32.win32.x86_64_1.2.1300.v20250331-1702\eclipse_11911.dll
Event: 3.120 Loaded shared library C:\Users\tahan\AppData\Local\Temp\jna-110121224\jna14245252503327376401.dll
Event: 5.110 Loaded shared library C:\Users\tahan\.cursor\extensions\redhat.java-1.41.1-win32-x64\jre\21.0.6-win32-x86_64\bin\sunmscapi.dll
Event: 6.433 Loaded shared library C:\Users\tahan\.cursor\extensions\redhat.java-1.41.1-win32-x64\jre\21.0.6-win32-x86_64\bin\extnet.dll

Deoptimization events (20 events):
Event: 18.660 Thread 0x000001dc705204c0 DEOPT PACKING pc=0x000001dc5bbb1754 sp=0x000000b08acfd450
Event: 18.660 Thread 0x000001dc7051fe30 DEOPT PACKING pc=0x000001dc5bbb1754 sp=0x000000b08abfd910
Event: 18.660 Thread 0x000001dc705204c0 DEOPT UNPACKING pc=0x000001dc5ac93aa2 sp=0x000000b08acfd3f0 mode 2
Event: 18.660 Thread 0x000001dc7051fe30 DEOPT UNPACKING pc=0x000001dc5ac93aa2 sp=0x000000b08abfd8b0 mode 2
Event: 18.669 Thread 0x000001dc705204c0 DEOPT PACKING pc=0x000001dc54cc5675 sp=0x000000b08acfd0b0
Event: 18.669 Thread 0x000001dc705204c0 DEOPT UNPACKING pc=0x000001dc5ac94242 sp=0x000000b08acfc558 mode 0
Event: 18.677 Thread 0x000001dc705204c0 Uncommon trap: trap_request=0xffffff45 fr.pc=0x000001dc5b9ad900 relative=0x00000000000002a0
Event: 18.677 Thread 0x000001dc705204c0 Uncommon trap: reason=unstable_if action=reinterpret pc=0x000001dc5b9ad900 method=java.lang.ThreadLocal$ThreadLocalMap.set(Ljava/lang/ThreadLocal;Ljava/lang/Object;)V @ 53 c2
Event: 18.678 Thread 0x000001dc705204c0 DEOPT PACKING pc=0x000001dc5b9ad900 sp=0x000000b08acfd0e0
Event: 18.678 Thread 0x000001dc705204c0 DEOPT UNPACKING pc=0x000001dc5ac93aa2 sp=0x000000b08acfd068 mode 2
Event: 18.759 Thread 0x000001dc70524660 DEOPT PACKING pc=0x000001dc5428f2c8 sp=0x000000b08a9fe110
Event: 18.759 Thread 0x000001dc70524660 DEOPT UNPACKING pc=0x000001dc5ac94242 sp=0x000000b08a9fd5b8 mode 0
Event: 18.786 Thread 0x000001dc70525a10 DEOPT PACKING pc=0x000001dc555f815a sp=0x000000b08aafe0e0
Event: 18.786 Thread 0x000001dc70525a10 DEOPT UNPACKING pc=0x000001dc5ac94242 sp=0x000000b08aafd628 mode 0
Event: 18.799 Thread 0x000001dc7051fe30 DEOPT PACKING pc=0x000001dc54f90374 sp=0x000000b08abfec50
Event: 18.799 Thread 0x000001dc7051fe30 DEOPT UNPACKING pc=0x000001dc5ac94242 sp=0x000000b08abfe1b0 mode 0
Event: 18.833 Thread 0x000001dc6c9cd300 Uncommon trap: trap_request=0xffffff45 fr.pc=0x000001dc5bb283a8 relative=0x0000000000000288
Event: 18.833 Thread 0x000001dc6c9cd300 Uncommon trap: reason=unstable_if action=reinterpret pc=0x000001dc5bb283a8 method=org.eclipse.jdt.internal.compiler.parser.Scanner.internalScanIdentifierOrKeyword(II[C)Lorg/eclipse/jdt/internal/compiler/parser/TerminalToken; @ 3824 c2
Event: 18.833 Thread 0x000001dc6c9cd300 DEOPT PACKING pc=0x000001dc5bb283a8 sp=0x000000b0868ff3a0
Event: 18.833 Thread 0x000001dc6c9cd300 DEOPT UNPACKING pc=0x000001dc5ac93aa2 sp=0x000000b0868ff330 mode 2

Classes loaded (20 events):
Event: 14.317 Loading class java/util/ImmutableCollections$SubList
Event: 14.318 Loading class java/util/ImmutableCollections$SubList done
Event: 17.126 Loading class jdk/internal/module/IllegalAccessLogger
Event: 17.126 Loading class jdk/internal/module/IllegalAccessLogger done
Event: 17.341 Loading class java/util/stream/ReferencePipeline$4
Event: 17.341 Loading class java/util/stream/IntPipeline$StatelessOp
Event: 17.341 Loading class java/util/stream/IntPipeline$StatelessOp done
Event: 17.341 Loading class java/util/stream/ReferencePipeline$4 done
Event: 17.346 Loading class java/util/stream/Nodes$IntFixedNodeBuilder
Event: 17.346 Loading class java/util/stream/Node$Builder$OfInt
Event: 17.346 Loading class java/util/stream/Sink$OfInt
Event: 17.347 Loading class java/util/stream/Sink$OfInt done
Event: 17.347 Loading class java/util/stream/Node$Builder$OfInt done
Event: 17.347 Loading class java/util/stream/Nodes$IntArrayNode
Event: 17.347 Loading class java/util/stream/Nodes$IntArrayNode done
Event: 17.347 Loading class java/util/stream/Nodes$IntFixedNodeBuilder done
Event: 17.348 Loading class java/util/stream/ReferencePipeline$4$1
Event: 17.352 Loading class java/util/stream/ReferencePipeline$4$1 done
Event: 17.774 Loading class jdk/internal/module/IllegalAccessLogger
Event: 17.774 Loading class jdk/internal/module/IllegalAccessLogger done

Classes unloaded (7 events):
Event: 4.077 Thread 0x000001dc506be7c0 Unloading class 0x000001dc0119c400 'java/lang/invoke/LambdaForm$MH+0x000001dc0119c400'
Event: 4.077 Thread 0x000001dc506be7c0 Unloading class 0x000001dc0119c000 'java/lang/invoke/LambdaForm$MH+0x000001dc0119c000'
Event: 4.077 Thread 0x000001dc506be7c0 Unloading class 0x000001dc0119bc00 'java/lang/invoke/LambdaForm$MH+0x000001dc0119bc00'
Event: 4.077 Thread 0x000001dc506be7c0 Unloading class 0x000001dc0119b800 'java/lang/invoke/LambdaForm$MH+0x000001dc0119b800'
Event: 4.077 Thread 0x000001dc506be7c0 Unloading class 0x000001dc0119b400 'java/lang/invoke/LambdaForm$BMH+0x000001dc0119b400'
Event: 4.077 Thread 0x000001dc506be7c0 Unloading class 0x000001dc0119b000 'java/lang/invoke/LambdaForm$DMH+0x000001dc0119b000'
Event: 4.077 Thread 0x000001dc506be7c0 Unloading class 0x000001dc01199c00 'java/lang/invoke/LambdaForm$DMH+0x000001dc01199c00'

Classes redefined (0 events):
No events

Internal exceptions (20 events):
Event: 17.723 Thread 0x000001dc6c9c7db0 Exception <a 'sun/nio/fs/WindowsException'{0x00000000eaf378d0}> (0x00000000eaf378d0) 
thrown [s\src\hotspot\share\prims\jni.cpp, line 520]
Event: 17.723 Thread 0x000001dc6ebbdd30 Exception <a 'sun/nio/fs/WindowsException'{0x00000000eaf3aba0}> (0x00000000eaf3aba0) 
thrown [s\src\hotspot\share\prims\jni.cpp, line 520]
Event: 17.724 Thread 0x000001dc6ebc11b0 Exception <a 'sun/nio/fs/WindowsException'{0x00000000eaf5cb70}> (0x00000000eaf5cb70) 
thrown [s\src\hotspot\share\prims\jni.cpp, line 520]
Event: 17.767 Thread 0x000001dc6c9cd300 Exception <a 'sun/nio/fs/WindowsException'{0x00000000eaf6a140}> (0x00000000eaf6a140) 
thrown [s\src\hotspot\share\prims\jni.cpp, line 520]
Event: 17.779 Thread 0x000001dc6c9cd300 Exception <a 'sun/nio/fs/WindowsException'{0x00000000eb0c80c8}> (0x00000000eb0c80c8) 
thrown [s\src\hotspot\share\prims\jni.cpp, line 520]
Event: 17.802 Thread 0x000001dc6c9c7db0 Exception <a 'sun/nio/fs/WindowsException'{0x00000000eac5c520}> (0x00000000eac5c520) 
thrown [s\src\hotspot\share\prims\jni.cpp, line 520]
Event: 17.802 Thread 0x000001dc6c9c7db0 Exception <a 'sun/nio/fs/WindowsException'{0x00000000eac5cb50}> (0x00000000eac5cb50) 
thrown [s\src\hotspot\share\prims\jni.cpp, line 520]
Event: 17.839 Thread 0x000001dc6c9cd300 Exception <a 'sun/nio/fs/WindowsException'{0x00000000ead4b4d8}> (0x00000000ead4b4d8) 
thrown [s\src\hotspot\share\prims\jni.cpp, line 520]
Event: 17.939 Thread 0x000001dc6c9cd300 Exception <a 'sun/nio/fs/WindowsException'{0x00000000eae84c10}> (0x00000000eae84c10) 
thrown [s\src\hotspot\share\prims\jni.cpp, line 520]
Event: 17.953 Thread 0x000001dc6c9cd300 Exception <a 'sun/nio/fs/WindowsException'{0x00000000eb08f400}> (0x00000000eb08f400) 
thrown [s\src\hotspot\share\prims\jni.cpp, line 520]
Event: 18.026 Thread 0x000001dc6c9cd300 Exception <a 'sun/nio/fs/WindowsException'{0x00000000eacd6ee8}> (0x00000000eacd6ee8) 
thrown [s\src\hotspot\share\prims\jni.cpp, line 520]
Event: 18.038 Thread 0x000001dc6c9cd300 Exception <a 'sun/nio/fs/WindowsException'{0x00000000eada1eb0}> (0x00000000eada1eb0) 
thrown [s\src\hotspot\share\prims\jni.cpp, line 520]
Event: 18.051 Thread 0x000001dc6c9cd300 Exception <a 'sun/nio/fs/WindowsException'{0x00000000eaf6c338}> (0x00000000eaf6c338) 
thrown [s\src\hotspot\share\prims\jni.cpp, line 520]
Event: 18.199 Thread 0x000001dc6c9cd300 Exception <a 'sun/nio/fs/WindowsException'{0x00000000eab472e0}> (0x00000000eab472e0) 
thrown [s\src\hotspot\share\prims\jni.cpp, line 520]
Event: 18.312 Thread 0x000001dc6c9cd300 Exception <a 'sun/nio/fs/WindowsException'{0x00000000eab0a500}> (0x00000000eab0a500) 
thrown [s\src\hotspot\share\prims\jni.cpp, line 520]
Event: 18.600 Thread 0x000001dc6c9cd300 Exception <a 'sun/nio/fs/WindowsException'{0x00000000ead41288}> (0x00000000ead41288) 
thrown [s\src\hotspot\share\prims\jni.cpp, line 520]
Event: 18.628 Thread 0x000001dc6c9cd300 Exception <a 'sun/nio/fs/WindowsException'{0x00000000eae2cf70}> (0x00000000eae2cf70) 
thrown [s\src\hotspot\share\prims\jni.cpp, line 520]
Event: 18.653 Thread 0x000001dc6c9cd300 Exception <a 'sun/nio/fs/WindowsException'{0x00000000eafcb838}> (0x00000000eafcb838) 
thrown [s\src\hotspot\share\prims\jni.cpp, line 520]
Event: 18.672 Thread 0x000001dc6c9cd300 Exception <a 'sun/nio/fs/WindowsException'{0x00000000eaf68c40}> (0x00000000eaf68c40) 
thrown [s\src\hotspot\share\prims\jni.cpp, line 520]
Event: 18.687 Thread 0x000001dc6c9cd300 Exception <a 'sun/nio/fs/WindowsException'{0x00000000ead584f8}> (0x00000000ead584f8) 
thrown [s\src\hotspot\share\prims\jni.cpp, line 520]

ZGC Phase Switch (0 events):
No events

VM Operations (20 events):
Event: 18.785 Executing VM operation: ParallelGCFailedAllocation (Allocation Failure) done
Event: 18.793 Executing VM operation: ParallelGCFailedAllocation (Allocation Failure)
Event: 18.795 Executing VM operation: ParallelGCFailedAllocation (Allocation Failure) done
Event: 18.802 Executing VM operation: ParallelGCFailedAllocation (Allocation Failure)
Event: 18.804 Executing VM operation: ParallelGCFailedAllocation (Allocation Failure) done
Event: 18.810 Executing VM operation: ParallelGCFailedAllocation (Allocation Failure)
Event: 18.812 Executing VM operation: ParallelGCFailedAllocation (Allocation Failure) done
Event: 18.819 Executing VM operation: ParallelGCFailedAllocation (Allocation Failure)
Event: 18.819 Executing VM operation: ParallelGCFailedAllocation (Allocation Failure) done
Event: 18.819 Executing VM operation: ParallelGCSystemGC (GCLocker Initiated GC)
Event: 18.821 Executing VM operation: ParallelGCSystemGC (GCLocker Initiated GC) done
Event: 18.828 Executing VM operation: ParallelGCFailedAllocation (Allocation Failure)
Event: 18.828 Executing VM operation: ParallelGCFailedAllocation (Allocation Failure) done
Event: 18.828 Executing VM operation: ParallelGCSystemGC (GCLocker Initiated GC)
Event: 18.829 Executing VM operation: ParallelGCSystemGC (GCLocker Initiated GC) done
Event: 18.836 Executing VM operation: ParallelGCFailedAllocation (Allocation Failure)
Event: 18.838 Executing VM operation: ParallelGCFailedAllocation (Allocation Failure) done
Event: 18.845 Executing VM operation: ParallelGCFailedAllocation (Allocation Failure)
Event: 18.847 Executing VM operation: ParallelGCFailedAllocation (Allocation Failure) done
Event: 18.858 Executing VM operation: ParallelGCFailedAllocation (Allocation Failure)

Memory protections (0 events):
No events

Nmethod flushes (20 events):
Event: 9.977 Thread 0x000001dc506be7c0 flushing  nmethod 0x000001dc54218710
Event: 9.977 Thread 0x000001dc506be7c0 flushing  nmethod 0x000001dc5427fd10
Event: 9.977 Thread 0x000001dc506be7c0 flushing  nmethod 0x000001dc54284610
Event: 9.977 Thread 0x000001dc506be7c0 flushing  nmethod 0x000001dc54287210
Event: 9.977 Thread 0x000001dc506be7c0 flushing  nmethod 0x000001dc54296690
Event: 9.977 Thread 0x000001dc506be7c0 flushing  nmethod 0x000001dc54298310
Event: 9.977 Thread 0x000001dc506be7c0 flushing  nmethod 0x000001dc54298a10
Event: 9.977 Thread 0x000001dc506be7c0 flushing  nmethod 0x000001dc54299910
Event: 9.977 Thread 0x000001dc506be7c0 flushing  nmethod 0x000001dc54299f10
Event: 9.977 Thread 0x000001dc506be7c0 flushing  nmethod 0x000001dc5429a790
Event: 9.977 Thread 0x000001dc506be7c0 flushing  nmethod 0x000001dc5429ab10
Event: 9.977 Thread 0x000001dc506be7c0 flushing  nmethod 0x000001dc542ccf90
Event: 9.977 Thread 0x000001dc506be7c0 flushing  nmethod 0x000001dc542d6010
Event: 9.977 Thread 0x000001dc506be7c0 flushing  nmethod 0x000001dc542f0510
Event: 9.977 Thread 0x000001dc506be7c0 flushing  nmethod 0x000001dc542f3710
Event: 9.977 Thread 0x000001dc506be7c0 flushing  nmethod 0x000001dc5435a390
Event: 9.977 Thread 0x000001dc506be7c0 flushing  nmethod 0x000001dc5436d690
Event: 9.977 Thread 0x000001dc506be7c0 flushing  nmethod 0x000001dc543ab810
Event: 9.977 Thread 0x000001dc506be7c0 flushing  nmethod 0x000001dc543c0b90
Event: 9.977 Thread 0x000001dc506be7c0 flushing  nmethod 0x000001dc543e9790

Events (20 events):
Event: 16.644 Thread 0x000001dc6cc61dd0 Thread added: 0x000001dc78625740
Event: 16.664 Thread 0x000001dc6c9c7db0 Thread added: 0x000001dc78623d00
Event: 16.664 Thread 0x000001dc6c9c7db0 Thread added: 0x000001dc78625dd0
Event: 16.665 Thread 0x000001dc6c9c7db0 Thread added: 0x000001dc78626460
Event: 16.665 Thread 0x000001dc6c9c7db0 Thread added: 0x000001dc78628bc0
Event: 16.665 Thread 0x000001dc6c9c7db0 Thread added: 0x000001dc78626af0
Event: 16.666 Thread 0x000001dc6c9c7db0 Thread added: 0x000001dc78627180
Event: 17.154 Thread 0x000001dc6c9c7db0 Thread added: 0x000001dc78d8b1b0
Event: 17.244 Thread 0x000001dc6c9c7db0 Thread added: 0x000001dc78d8d280
Event: 17.329 Thread 0x000001dc6c9c7db0 Thread added: 0x000001dc78d8c560
Event: 17.337 Thread 0x000001dc6c9c7db0 Thread added: 0x000001dc78d89e00
Event: 17.655 Thread 0x000001dc6c9c7db0 Thread added: 0x000001dc78d8a490
Event: 17.660 Thread 0x000001dc6c9c7db0 Thread added: 0x000001dc78d8b840
Event: 17.733 Thread 0x000001dc6c9c7db0 Thread added: 0x000001dc78d8ab20
Event: 17.776 Thread 0x000001dc6c9c7db0 Thread added: 0x000001dc7051f7a0
Event: 18.516 Thread 0x000001dc6c9c7db0 Thread added: 0x000001dc70524660
Event: 18.516 Thread 0x000001dc6c9c7db0 Thread added: 0x000001dc70525a10
Event: 18.516 Thread 0x000001dc6c9c7db0 Thread added: 0x000001dc7051fe30
Event: 18.517 Thread 0x000001dc6c9c7db0 Thread added: 0x000001dc705204c0
Event: 18.517 Thread 0x000001dc6c9c7db0 Thread added: 0x000001dc705232b0


Dynamic libraries:
0x00007ff6118a0000 - 0x00007ff6118ae000 	c:\Users\tahan\.cursor\extensions\redhat.java-1.41.1-win32-x64\jre\21.0.6-win32-x86_64\bin\java.exe
0x00007ffc38270000 - 0x00007ffc38487000 	C:\windows\SYSTEM32\ntdll.dll
0x00007ffc36d90000 - 0x00007ffc36e54000 	C:\windows\System32\KERNEL32.DLL
0x00007ffc35940000 - 0x00007ffc35cfa000 	C:\windows\System32\KERNELBASE.dll
0x00007ffc35820000 - 0x00007ffc35931000 	C:\windows\System32\ucrtbase.dll
0x00007ffc0ea00000 - 0x00007ffc0ea18000 	c:\Users\tahan\.cursor\extensions\redhat.java-1.41.1-win32-x64\jre\21.0.6-win32-x86_64\bin\jli.dll
0x00007ffc0e8e0000 - 0x00007ffc0e8fe000 	c:\Users\tahan\.cursor\extensions\redhat.java-1.41.1-win32-x64\jre\21.0.6-win32-x86_64\bin\VCRUNTIME140.dll
0x00007ffc36240000 - 0x00007ffc363ee000 	C:\windows\System32\USER32.dll
0x00007ffc356d0000 - 0x00007ffc356f6000 	C:\windows\System32\win32u.dll
0x00007ffc2d1a0000 - 0x00007ffc2d432000 	C:\windows\WinSxS\amd64_microsoft.windows.common-controls_6595b64144ccf1df_6.0.22621.4541_none_2710d1c57384c085\COMCTL32.dll
0x00007ffc363f0000 - 0x00007ffc36419000 	C:\windows\System32\GDI32.dll
0x00007ffc35fc0000 - 0x00007ffc36067000 	C:\windows\System32\msvcrt.dll
0x00007ffc35d00000 - 0x00007ffc35e1b000 	C:\windows\System32\gdi32full.dll
0x00007ffc35780000 - 0x00007ffc3581a000 	C:\windows\System32\msvcp_win.dll
0x00007ffc36ff0000 - 0x00007ffc37021000 	C:\windows\System32\IMM32.DLL
0x00007ffc1d730000 - 0x00007ffc1d73c000 	c:\Users\tahan\.cursor\extensions\redhat.java-1.41.1-win32-x64\jre\21.0.6-win32-x86_64\bin\vcruntime140_1.dll
0x00007ffbd6520000 - 0x00007ffbd65ad000 	c:\Users\tahan\.cursor\extensions\redhat.java-1.41.1-win32-x64\jre\21.0.6-win32-x86_64\bin\msvcp140.dll
0x00007ffb92770000 - 0x00007ffb93500000 	c:\Users\tahan\.cursor\extensions\redhat.java-1.41.1-win32-x64\jre\21.0.6-win32-x86_64\bin\server\jvm.dll
0x00007ffc36070000 - 0x00007ffc36122000 	C:\windows\System32\ADVAPI32.dll
0x00007ffc36660000 - 0x00007ffc36707000 	C:\windows\System32\sechost.dll
0x00007ffc356a0000 - 0x00007ffc356c8000 	C:\windows\System32\bcrypt.dll
0x00007ffc37540000 - 0x00007ffc37654000 	C:\windows\System32\RPCRT4.dll
0x00007ffc36d10000 - 0x00007ffc36d81000 	C:\windows\System32\WS2_32.dll
0x00007ffc2cda0000 - 0x00007ffc2cdd4000 	C:\windows\SYSTEM32\WINMM.dll
0x00007ffc34de0000 - 0x00007ffc34e2d000 	C:\windows\SYSTEM32\POWRPROF.dll
0x00007ffc2d440000 - 0x00007ffc2d44a000 	C:\windows\SYSTEM32\VERSION.dll
0x00007ffc34dc0000 - 0x00007ffc34dd3000 	C:\windows\SYSTEM32\UMPDC.dll
0x00007ffc34510000 - 0x00007ffc34528000 	C:\windows\SYSTEM32\kernel.appcore.dll
0x00007ffc1bc60000 - 0x00007ffc1bc6a000 	c:\Users\tahan\.cursor\extensions\redhat.java-1.41.1-win32-x64\jre\21.0.6-win32-x86_64\bin\jimage.dll
0x00007ffc2b940000 - 0x00007ffc2bb72000 	C:\windows\SYSTEM32\DBGHELP.DLL
0x00007ffc36710000 - 0x00007ffc36aa1000 	C:\windows\System32\combase.dll
0x00007ffc36ab0000 - 0x00007ffc36b87000 	C:\windows\System32\OLEAUT32.dll
0x00007ffc2afd0000 - 0x00007ffc2b002000 	C:\windows\SYSTEM32\dbgcore.DLL
0x00007ffc35e20000 - 0x00007ffc35e9b000 	C:\windows\System32\bcryptPrimitives.dll
0x00007ffc166b0000 - 0x00007ffc166bf000 	c:\Users\tahan\.cursor\extensions\redhat.java-1.41.1-win32-x64\jre\21.0.6-win32-x86_64\bin\instrument.dll
0x00007ffc0e8c0000 - 0x00007ffc0e8df000 	c:\Users\tahan\.cursor\extensions\redhat.java-1.41.1-win32-x64\jre\21.0.6-win32-x86_64\bin\java.dll
0x00007ffc37780000 - 0x00007ffc37ff9000 	C:\windows\System32\SHELL32.dll
0x00007ffc33440000 - 0x00007ffc33d49000 	C:\windows\SYSTEM32\windows.storage.dll
0x00007ffc33300000 - 0x00007ffc3343f000 	C:\windows\SYSTEM32\wintypes.dll
0x00007ffc36130000 - 0x00007ffc3622a000 	C:\windows\System32\SHCORE.dll
0x00007ffc36420000 - 0x00007ffc3647e000 	C:\windows\System32\shlwapi.dll
0x00007ffc35460000 - 0x00007ffc3548b000 	C:\windows\SYSTEM32\profapi.dll
0x00007ffc06f00000 - 0x00007ffc06f18000 	c:\Users\tahan\.cursor\extensions\redhat.java-1.41.1-win32-x64\jre\21.0.6-win32-x86_64\bin\zip.dll
0x00007ffc11780000 - 0x00007ffc11790000 	C:\Users\tahan\.cursor\extensions\redhat.java-1.41.1-win32-x64\jre\21.0.6-win32-x86_64\bin\net.dll
0x00007ffc31a40000 - 0x00007ffc31b76000 	C:\windows\SYSTEM32\WINHTTP.dll
0x00007ffc349f0000 - 0x00007ffc34a59000 	C:\windows\system32\mswsock.dll
0x00007ffc0de70000 - 0x00007ffc0de86000 	C:\Users\tahan\.cursor\extensions\redhat.java-1.41.1-win32-x64\jre\21.0.6-win32-x86_64\bin\nio.dll
0x00007ffc0e8b0000 - 0x00007ffc0e8c0000 	c:\Users\tahan\.cursor\extensions\redhat.java-1.41.1-win32-x64\jre\21.0.6-win32-x86_64\bin\verify.dll
0x00007ffbe03e0000 - 0x00007ffbe0425000 	C:\Users\tahan\AppData\Roaming\Cursor\User\globalStorage\redhat.java\1.41.1\config_win\org.eclipse.equinox.launcher\org.eclipse.equinox.launcher.win32.win32.x86_64_1.2.1300.v20250331-1702\eclipse_11911.dll
0x00007ffc38080000 - 0x00007ffc38225000 	C:\windows\System32\ole32.dll
0x00007ffc34c50000 - 0x00007ffc34c6b000 	C:\windows\SYSTEM32\CRYPTSP.dll
0x00007ffc344d0000 - 0x00007ffc34505000 	C:\windows\system32\rsaenh.dll
0x00007ffc34ae0000 - 0x00007ffc34b08000 	C:\windows\SYSTEM32\USERENV.dll
0x00007ffc34c40000 - 0x00007ffc34c4c000 	C:\windows\SYSTEM32\CRYPTBASE.dll
0x00007ffc33ff0000 - 0x00007ffc3401d000 	C:\windows\SYSTEM32\IPHLPAPI.DLL
0x00007ffc36230000 - 0x00007ffc36239000 	C:\windows\System32\NSI.dll
0x00007ffc0e580000 - 0x00007ffc0e5c9000 	C:\Users\tahan\AppData\Local\Temp\jna-110121224\jna14245252503327376401.dll
0x00007ffc36650000 - 0x00007ffc36658000 	C:\windows\System32\PSAPI.DLL
0x00007ffc31a20000 - 0x00007ffc31a39000 	C:\windows\SYSTEM32\dhcpcsvc6.DLL
0x00007ffc31a00000 - 0x00007ffc31a1f000 	C:\windows\SYSTEM32\dhcpcsvc.DLL
0x00007ffc067e0000 - 0x00007ffc067ee000 	C:\Users\tahan\.cursor\extensions\redhat.java-1.41.1-win32-x64\jre\21.0.6-win32-x86_64\bin\sunmscapi.dll
0x00007ffc35530000 - 0x00007ffc35696000 	C:\windows\System32\CRYPT32.dll
0x00007ffc34ed0000 - 0x00007ffc34efd000 	C:\windows\SYSTEM32\ncrypt.dll
0x00007ffc34e90000 - 0x00007ffc34ec7000 	C:\windows\SYSTEM32\NTASN1.dll
0x00007ffc34020000 - 0x00007ffc34122000 	C:\windows\SYSTEM32\DNSAPI.dll
0x00007ffc2fad0000 - 0x00007ffc2fada000 	C:\Windows\System32\rasadhlp.dll
0x00007ffc31480000 - 0x00007ffc31503000 	C:\windows\System32\fwpuclnt.dll
0x00007ffc0de50000 - 0x00007ffc0de59000 	C:\Users\tahan\.cursor\extensions\redhat.java-1.41.1-win32-x64\jre\21.0.6-win32-x86_64\bin\extnet.dll
0x00007ffc34680000 - 0x00007ffc346b4000 	C:\windows\SYSTEM32\ntmarta.dll

dbghelp: loaded successfully - version: 4.0.5 - missing functions: none
symbol engine: initialized successfully - sym options: 0x614 - pdb path: .;c:\Users\tahan\.cursor\extensions\redhat.java-1.41.1-win32-x64\jre\21.0.6-win32-x86_64\bin;C:\windows\SYSTEM32;C:\windows\WinSxS\amd64_microsoft.windows.common-controls_6595b64144ccf1df_6.0.22621.4541_none_2710d1c57384c085;c:\Users\tahan\.cursor\extensions\redhat.java-1.41.1-win32-x64\jre\21.0.6-win32-x86_64\bin\server;C:\Users\tahan\AppData\Roaming\Cursor\User\globalStorage\redhat.java\1.41.1\config_win\org.eclipse.equinox.launcher\org.eclipse.equinox.launcher.win32.win32.x86_64_1.2.1300.v20250331-1702;C:\Users\tahan\AppData\Local\Temp\jna-110121224

VM Arguments:
jvm_args: --add-modules=ALL-SYSTEM --add-opens=java.base/java.util=ALL-UNNAMED --add-opens=java.base/java.lang=ALL-UNNAMED --add-opens=java.base/sun.nio.fs=ALL-UNNAMED -Declipse.application=org.eclipse.jdt.ls.core.id1 -Dosgi.bundles.defaultStartLevel=4 -Declipse.product=org.eclipse.jdt.ls.core.product -Djava.import.generatesMetadataFilesAtProjectRoot=false -DDetectVMInstallationsJob.disabled=true -Dfile.encoding=utf8 -XX:+UseParallelGC -XX:GCTimeRatio=4 -XX:AdaptiveSizePolicyWeight=90 -Dsun.zip.disableMemoryMapping=true -Xmx1G -Xms100m -Xlog:disable -javaagent:c:\Users\tahan\.cursor\extensions\redhat.java-1.41.1-win32-x64\lombok\lombok-1.18.36.jar -XX:+HeapDumpOnOutOfMemoryError -XX:HeapDumpPath=c:\Users\tahan\AppData\Roaming\Cursor\User\workspaceStorage\f9d4e4b77ab111226ed9e0125dff6238\redhat.java -Daether.dependencyCollector.impl=bf 
java_command: c:\Users\tahan\.cursor\extensions\redhat.java-1.41.1-win32-x64\server\plugins\org.eclipse.equinox.launcher_1.7.0.v20250331-1702.jar -configuration c:\Users\tahan\AppData\Roaming\Cursor\User\globalStorage\redhat.java\1.41.1\config_win -data c:\Users\tahan\AppData\Roaming\Cursor\User\workspaceStorage\f9d4e4b77ab111226ed9e0125dff6238\redhat.java\jdt_ws --pipe=\\.\pipe\lsp-eb808b5bb6ab1471b8578e61bb6f8ccf-sock
java_class_path (initial): c:\Users\tahan\.cursor\extensions\redhat.java-1.41.1-win32-x64\server\plugins\org.eclipse.equinox.launcher_1.7.0.v20250331-1702.jar
Launcher Type: SUN_STANDARD

[Global flags]
    uintx AdaptiveSizePolicyWeight                 = 90                                        {product} {command line}
     intx CICompilerCount                          = 12                                        {product} {ergonomic}
    uintx GCTimeRatio                              = 4                                         {product} {command line}
     bool HeapDumpOnOutOfMemoryError               = true                                   {manageable} {command line}
    ccstr HeapDumpPath                             = c:\Users\tahan\AppData\Roaming\Cursor\User\workspaceStorage\f9d4e4b77ab111226ed9e0125dff6238\redhat.java         {manageable} {command line}
   size_t InitialHeapSize                          = 104857600                                 {product} {command line}
   size_t MaxHeapSize                              = 1073741824                                {product} {command line}
   size_t MaxNewSize                               = 357564416                                 {product} {ergonomic}
   size_t MinHeapDeltaBytes                        = 524288                                    {product} {ergonomic}
   size_t MinHeapSize                              = 104857600                                 {product} {command line}
   size_t NewSize                                  = 34603008                                  {product} {ergonomic}
    uintx NonNMethodCodeHeapSize                   = 7602480                                {pd product} {ergonomic}
    uintx NonProfiledCodeHeapSize                  = 122027880                              {pd product} {ergonomic}
   size_t OldSize                                  = 70254592                                  {product} {ergonomic}
    uintx ProfiledCodeHeapSize                     = 122027880                              {pd product} {ergonomic}
    uintx ReservedCodeCacheSize                    = 251658240                              {pd product} {ergonomic}
     bool SegmentedCodeCache                       = true                                      {product} {ergonomic}
   size_t SoftMaxHeapSize                          = 1073741824                             {manageable} {ergonomic}
     bool UseCompressedOops                        = true                           {product lp64_product} {ergonomic}
     bool UseLargePagesIndividualAllocation        = false                                  {pd product} {ergonomic}
     bool UseParallelGC                            = true                                      {product} {command line}

Logging:
Log output configuration:
 #0: stdout all=off uptime,level,tags foldmultilines=false
 #1: stderr all=off uptime,level,tags foldmultilines=false

Environment Variables:
PATH=C:\app\tahan\product\21c\dbhomeXE\bin;C:\Oracle_21C\WINDOWS.X64_213000_db_home_new\bin;C:\Oracle_21C\WINDOWS.X64_213000_db_home\bin;C:\windows\system32;C:\windows;C:\Program Files (x86)\VMware\VMware Workstation\bin\;C:\Program Files\Common Files\Oracle\Java\javapath;C:\Program Files (x86)\Common Files\Oracle\Java\javapath;C:\windows\System32\Wbem;C:\windows\System32\WindowsPowerShell\v1.0\;C:\windows\System32\OpenSSH\;C:\ProgramData\ComposerSetup\bin;C:\Program Files\Git\cmd;C:\xampp\php;C:\Program Files\MySQL\MySQL Server 9.0\bin;C:\Program Files\dotnet\;C:\Program Files\Microsoft SQL Server\150\Tools\Binn\;C:\Program Files\Microsoft SQL Server\Client SDK\ODBC\170\Tools\Binn\;C:\Program Files\PostgreSQL\16\bin;C:\Program Files\Cloudflare\Cloudflare WARP\;c:\Users\tahan\AppData\Local\Programs\cursor\resources\app\bin;C:\ProgramData\chocolatey\bin;C:\Program Files\nodejs\;C:\Program Files\Docker\Docker\resources\bin;C:\Users\tahan\scoop\shims;C:\Users\tahan\AppData\Local\Programs\Python\Python312\Scripts\;C:\Users\tahan\AppData\Local\Programs\Python\Python312\;C:\Windows\system32;C:\Windows;C:\Windows\System32\Wbem;C:\Windows\System32\WindowsPowerShell\v1.0\;C:\Users\tahan\AppData\Local\Programs\Microsoft VS Code\bin;C:\Users\tahan\scoop\apps\symfony-cli\5.8.8;C:\xampp\php;C:\Users\tahan\.dotnet\tools;C:\Program Files\MongoDB\Server\4.0\bin;C:\Users\tahan\AppData\Local\Programs\Windsurf\bin;C:\Users\tahan\AppData\Roaming\npm;C:\Users\tahan\AppData\Local\Programs\cursor\resources\app\bin
USERNAME=tahan
OS=Windows_NT
PROCESSOR_IDENTIFIER=AMD64 Family 23 Model 104 Stepping 1, AuthenticAMD
TMP=C:\Users\tahan\AppData\Local\Temp
TEMP=C:\Users\tahan\AppData\Local\Temp




Periodic native trim disabled

---------------  S Y S T E M  ---------------

OS:
 Windows 11 , 64 bit Build 22621 (10.0.22621.4391)
OS uptime: 0 days 8:35 hours
Hyper-V role detected

CPU: total 16 (initial active 16) (16 cores per cpu, 2 threads per core) family 23 model 104 stepping 1 microcode 0x0, cx8, cmov, fxsr, ht, mmx, 3dnowpref, sse, sse2, sse3, ssse3, sse4a, sse4.1, sse4.2, popcnt, lzcnt, tsc, tscinvbit, avx, avx2, aes, clmul, bmi1, bmi2, adx, sha, fma, vzeroupper, clflush, clflushopt, hv, rdtscp, rdpid, f16c
Processor Information for the first 16 processors :
  Max Mhz: 1801, Current Mhz: 1801, Mhz Limit: 1801

Memory: 4k page, system-wide physical 15693M (300M free)
TotalPageFile size 40269M (AvailPageFile size 5M)
current process WorkingSet (physical memory assigned to process): 911M, peak: 911M
current process commit charge ("private bytes"): 846M, peak: 848M

vm_info: OpenJDK 64-Bit Server VM (21.0.6+7-LTS) for windows-amd64 JRE (21.0.6+7-LTS), built on 2025-01-21T00:00:00Z by "admin" with MS VC++ 17.7 (VS2022)

END.
